The system is: Windows - 10.0.19045 - AMD64
Compiling the C compiler identification source file "CMakeCCompilerId.c" succeeded.
Compiler: C:/Program Files/JetBrains/CLion 2023.1.3/bin/mingw/bin/gcc.exe 
Build flags: 
Id flags:  

The output was:
0


Compilation of the C compiler identification source "CMakeCCompilerId.c" produced "a.exe"

The C compiler identification is GNU, found in "G:/c++/ai/cmake-build-debug/CMakeFiles/3.25.2/CompilerIdC/a.exe"

Compiling the CXX compiler identification source file "CMakeCXXCompilerId.cpp" succeeded.
Compiler: C:/Program Files/JetBrains/CLion 2023.1.3/bin/mingw/bin/g++.exe 
Build flags: 
Id flags:  

The output was:
0


Compilation of the CXX compiler identification source "CMakeCXXCompilerId.cpp" produced "a.exe"

The CXX compiler identification is GNU, found in "G:/c++/ai/cmake-build-debug/CMakeFiles/3.25.2/CompilerIdCXX/a.exe"

Determining if the C compiler works passed with the following output:
Change Dir: G:/c++/ai/cmake-build-debug/CMakeFiles/CMakeScratch/TryCompile-94keci

Run Build Command(s):C:/Program Files/JetBrains/CLion 2023.1.3/bin/ninja/win/x64/ninja.exe cmTC_73d54 && [1/2] Building C object CMakeFiles/cmTC_73d54.dir/testCCompiler.c.obj
[2/2] Linking C executable cmTC_73d54.exe



Determining if the C++ compiler works passed with the following output:
Change Dir: G:/c++/ai/cmake-build-debug/CMakeFiles/CMakeScratch/TryCompile-madkfd

Run Build Command(s):C:/Program Files/JetBrains/CLion 2023.1.3/bin/ninja/win/x64/ninja.exe cmTC_27325 && [1/2] Building CXX object CMakeFiles/cmTC_27325.dir/testCXXCompiler.cxx.obj
[2/2] Linking CXX executable cmTC_27325.exe



